<?xml version="1.0" encoding="UTF-8"?>
<testng-results ignored="0" total="1" passed="1" failed="0" skipped="0">
  <reporter-output>
  </reporter-output>
  <suite started-at="2024-11-08T11:21:27 IST" name="Suite" finished-at="2024-11-08T11:21:31 IST" duration-ms="4514">
    <groups>
    </groups>
    <test started-at="2024-11-08T11:21:27 IST" name="LoginTest" finished-at="2024-11-08T11:21:31 IST" duration-ms="4514">
      <class name="LoginPage.flipkartLoginPage">
        <test-method is-config="true" signature="setup()[pri:0, instance:LoginPage.flipkartLoginPage@1cf6d1be]" started-at="2024-11-08T11:21:27 IST" name="setup" finished-at="2024-11-08T11:21:30 IST" duration-ms="3434" status="PASS">
          <reporter-output>
          </reporter-output>
        </test-method> <!-- setup -->
        <test-method signature="Login()[pri:0, instance:LoginPage.flipkartLoginPage@1cf6d1be]" started-at="2024-11-08T11:21:30 IST" name="Login" finished-at="2024-11-08T11:21:31 IST" duration-ms="833" status="PASS">
          <reporter-output>
          </reporter-output>
        </test-method> <!-- Login -->
        <test-method is-config="true" signature="tearDown()[pri:0, instance:LoginPage.flipkartLoginPage@1cf6d1be]" started-at="2024-11-08T11:21:31 IST" name="tearDown" finished-at="2024-11-08T11:21:31 IST" duration-ms="210" status="PASS">
          <reporter-output>
          </reporter-output>
        </test-method> <!-- tearDown -->
      </class> <!-- LoginPage.flipkartLoginPage -->
    </test> <!-- LoginTest -->
  </suite> <!-- Suite -->
</testng-results>
